Arguments: 
  C:\Program Files\nodejs\node.exe C:\Program Files (x86)\Yarn\bin\yarn.js add --dev parcel

PATH: 
  C:\Windows\system32;C:\Windows;C:\Windows\System32\Wbem;C:\Windows\System32\WindowsPowerShell\v1.0\;C:\Windows\System32\OpenSSH\;C:\Program Files (x86)\Intel\Intel(R) Management Engine Components\DAL;C:\Program Files\Intel\Intel(R) Management Engine Components\DAL;C:\Program Files (x86)\NVIDIA Corporation\PhysX\Common;C:\Program Files\NVIDIA Corporation\NVIDIA NvDLISR;C:\WINDOWS\system32;C:\WINDOWS;C:\WINDOWS\System32\Wbem;C:\WINDOWS\System32\WindowsPowerShell\v1.0\;C:\WINDOWS\System32\OpenSSH\;C:\Program Files\Git\cmd;C:\Program Files\Docker\Docker\resources\bin;C:\ProgramData\chocolatey\bin;C:\Program Files\nodejs\;C:\Program Files (x86)\Yarn\bin\;C:\Program Files\Calibre2\;C:\Users\frost\AppData\Local\Programs\Python\Python312\Scripts\;C:\Users\frost\AppData\Local\Programs\Python\Python312\;C:\Users\frost\AppData\Local\Programs\Python\Launcher\;C:\Users\frost\AppData\Local\Microsoft\WindowsApps;;C:\Users\frost\AppData\Local\Programs\Microsoft VS Code\bin;C:\Program Files\JetBrains\IntelliJ IDEA 2023.3.3\bin;;C:\Users\frost\AppData\Roaming\npm;C:\Users\frost\AppData\Local\Yarn\bin

Yarn version: 
  1.22.19

Node version: 
  20.11.0

Platform: 
  win32 x64

Trace: 
  Error: certificate has expired
      at TLSSocket.onConnectSecure (node:_tls_wrap:1674:34)
      at TLSSocket.emit (node:events:518:28)
      at TLSSocket._finishInit (node:_tls_wrap:1085:8)
      at ssl.onhandshakedone (node:_tls_wrap:871:12)

npm manifest: 
  {
    "name": "typescript-masterclass-lesson-32",
    "version": "1.0.0",
    "main": "index.js",
    "license": "MIT"
  }

yarn manifest: 
  No manifest

Lockfile: 
  No lockfile
